[08:23:50 PM] MAYHEM: File:../Assets/VShader.shader was opened for read
[08:23:50 PM] MAYHEM: File:../Assets/PShaderTexture.shader was opened for read
[08:23:50 PM] MAYHEM: File:../Assets/ViewportShader.shader was opened for read
[08:23:50 PM] MAYHEM: File:../Assets/ViewportPixelShader.shader was opened for read
[08:23:50 PM] MAYHEM: Wwise: Memory Manager created
[08:23:50 PM] MAYHEM: Wwise: Streaming Manager created
[08:23:50 PM] MAYHEM: Wwise: Streaming Device created
[08:23:50 PM] MAYHEM: Wwise: Sound Engine Initialized
[08:23:50 PM] MAYHEM: Wwise: Music Engine Initialized
[08:23:50 PM] MAYHEM: Wwise: Communication Initialized
[08:23:50 PM] MAYHEM: File:../Assets/Spaces/SplashScreen.json was opened for read
[08:23:50 PM] MAYHEM: File:../Assets/GameObjects/DigiSplash.json was opened for read
[08:23:50 PM] MAYHEM: File:../Assets/Mesh/MainMesh.json was opened for read
[08:23:50 PM] MAYHEM: File:../Assets/Art/DigiSplashSource.json was opened for read
[08:23:50 PM] MAYHEM: File:../Assets/GameObjects/DigiCopyright.json was opened for read
[08:23:50 PM] MAYHEM: File:../Assets/Mesh/TextMesh.json was opened for read
[08:23:50 PM] MAYHEM: File:../Assets/Art/PT_Mono_White.json was opened for read
[08:23:50 PM] MAYHEM: File:../Assets/Art/BoxColliderDraw.json was opened for read
[08:23:50 PM] MAYHEM: File:../Assets/Art/AreaColliderDraw.json was opened for read
[08:23:54 PM] MAYHEM: File:../Assets/Spaces/WwiseSplash.json was opened for read
[08:23:54 PM] MAYHEM: File:../Assets/GameObjects/WwiseSplash.json was opened for read
[08:23:54 PM] MAYHEM: File:../Assets/Art/WwiseLogo.json was opened for read
[08:23:55 PM] MAYHEM: MEAudio: Unloaded Wwise Game Objects
[08:23:55 PM] MAYHEM: MEAudio: Uloaded all Wwise sound banks
[08:23:55 PM] MAYHEM: MEAudio: Terminated Wwise Communication Services
[08:23:55 PM] MAYHEM: MEAudio: Terminated Wwise Music Engine
[08:23:55 PM] MAYHEM: MEAudio: Terminated Wwise Sound Engine
[08:23:55 PM] MAYHEM: MEAudio: Terminated Wwise Low Level IO
[08:23:55 PM] MAYHEM: MEAudio: Terminated Wwise Stream Manager
[08:23:55 PM] MAYHEM: MEAudio: Terminated Wwise Memory Manager
